2018-11-23 09:57:39.453  INFO 17184 --- [main] com.runa.demo.DemoApplication            : Starting DemoApplication on DESKTOP-C6GJCHV with PID 17184 (C:\Users\82103\IdeaProjects\springboot\demo\target\classes started by 82103 in C:\Users\82103\IdeaProjects\springboot)
2018-11-23 09:57:39.453  INFO 17184 --- [main] com.runa.demo.DemoApplication            : No active profile set, falling back to default profiles: default
2018-11-23 09:57:39.594  INFO 17184 --- [main] ConfigServletWebServerApplicationContext : Refreshing org.springframework.boot.web.servlet.context.AnnotationConfigServletWebServerApplicationContext@35d019a3: startup date [Fri Nov 23 09:57:39 CST 2018]; root of context hierarchy
2018-11-23 09:57:41.125  INFO 17184 --- [main] o.s.b.w.embedded.tomcat.TomcatWebServer  : Tomcat initialized with port(s): 8080 (http)
2018-11-23 09:57:41.157  INFO 17184 --- [main] o.apache.catalina.core.StandardService   : Starting service [Tomcat]
2018-11-23 09:57:41.157  INFO 17184 --- [main] org.apache.catalina.core.StandardEngine  : Starting Servlet Engine: Apache Tomcat/8.5.34
2018-11-23 09:57:41.157  INFO 17184 --- [localhost-startStop-1] o.a.catalina.core.AprLifecycleListener   : The APR based Apache Tomcat Native library which allows optimal performance in production environments was not found on the java.library.path: [E:\jdk1.8\bin;C:\Windows\Sun\Java\bin;C:\Windows\system32;C:\Windows;C:\Program Files (x86)\Common Files\Oracle\Java\javapath;C:\Program Files (x86)\Intel\Intel(R) Management Engine Components\iCLS\;C:\Program Files\Intel\Intel(R) Management Engine Components\iCLS\;C:\Windows\system32;C:\Windows;C:\Windows\System32\Wbem;C:\Windows\System32\WindowsPowerShell\v1.0\;C:\Program Files (x86)\Intel\Intel(R) Management Engine Components\DAL;C:\Program Files\Intel\Intel(R) Management Engine Components\DAL;C:\Program Files (x86)\Intel\Intel(R) Management Engine Components\IPT;C:\Program Files\Intel\Intel(R) Management Engine Components\IPT;E:\apache-maven-3.5.4\bin;E:\jdk1.8\bin;D:\soft\TortoiseSVN\bin;E:\mysql-5.7.23-winx64\bin;C:\Users\82103\AppData\Local\Microsoft\WindowsApps;;.]
2018-11-23 09:57:41.235  INFO 17184 --- [localhost-startStop-1] o.a.c.c.C.[Tomcat].[localhost].[/]       : Initializing Spring embedded WebApplicationContext
2018-11-23 09:57:41.235  INFO 17184 --- [localhost-startStop-1] o.s.web.context.ContextLoader            : Root WebApplicationContext: initialization completed in 1641 ms
2018-11-23 09:57:41.313  INFO 17184 --- [localhost-startStop-1] o.s.b.w.servlet.ServletRegistrationBean  : Servlet dispatcherServlet mapped to [/]
2018-11-23 09:57:41.313  INFO 17184 --- [localhost-startStop-1] o.s.b.w.servlet.ServletRegistrationBean  : Servlet statViewServlet mapped to [/druid/*]
2018-11-23 09:57:41.376  INFO 17184 --- [localhost-startStop-1] o.s.b.w.servlet.FilterRegistrationBean   : Mapping filter: 'characterEncodingFilter' to: [/*]
2018-11-23 09:57:41.376  INFO 17184 --- [localhost-startStop-1] o.s.b.w.servlet.FilterRegistrationBean   : Mapping filter: 'hiddenHttpMethodFilter' to: [/*]
2018-11-23 09:57:41.376  INFO 17184 --- [localhost-startStop-1] o.s.b.w.servlet.FilterRegistrationBean   : Mapping filter: 'httpPutFormContentFilter' to: [/*]
2018-11-23 09:57:41.376  INFO 17184 --- [localhost-startStop-1] o.s.b.w.servlet.FilterRegistrationBean   : Mapping filter: 'requestContextFilter' to: [/*]
2018-11-23 09:57:41.376  INFO 17184 --- [localhost-startStop-1] o.s.b.w.servlet.FilterRegistrationBean   : Mapping filter: 'webStatFilter' to urls: [/*]
2018-11-23 09:57:41.438  INFO 17184 --- [main] c.a.d.s.b.a.DruidDataSourceAutoConfigure : Init DruidDataSource
2018-11-23 09:57:41.672  INFO 17184 --- [main] com.alibaba.druid.pool.DruidDataSource   : {dataSource-1} inited
2018-11-23 09:57:42.188  INFO 17184 --- [main] o.s.w.s.handler.SimpleUrlHandlerMapping  : Mapped URL path [/**/favicon.ico] onto handler of type [class org.springframework.web.servlet.resource.ResourceHttpRequestHandler]
2018-11-23 09:57:42.329  INFO 17184 --- [main] s.w.s.m.m.a.RequestMappingHandlerAdapter : Looking for @ControllerAdvice: org.springframework.boot.web.servlet.context.AnnotationConfigServletWebServerApplicationContext@35d019a3: startup date [Fri Nov 23 09:57:39 CST 2018]; root of context hierarchy
2018-11-23 09:57:42.376  INFO 17184 --- [main] s.w.s.m.m.a.RequestMappingHandlerMapping : Mapped "{[/user/add/{userName}/{password}/{phone}]}" onto public java.lang.String com.runa.demo.controller.UserController.add(java.lang.String,java.lang.String,java.lang.String)
2018-11-23 09:57:42.376  INFO 17184 --- [main] s.w.s.m.m.a.RequestMappingHandlerMapping : Mapped "{[/user/all/{pageNo}/{pageSize}]}" onto public java.util.List<com.runa.demo.pojo.User> com.runa.demo.controller.UserController.selectAll(java.lang.String,java.lang.String)
2018-11-23 09:57:42.376  INFO 17184 --- [main] s.w.s.m.m.a.RequestMappingHandlerMapping : Mapped "{[/user/testThy]}" onto public java.lang.String com.runa.demo.controller.UserController.TestThymeleaf(org.springframework.ui.Model)
2018-11-23 09:57:42.376  INFO 17184 --- [main] s.w.s.m.m.a.RequestMappingHandlerMapping : Mapped "{[/error]}" onto public org.springframework.http.ResponseEntity<java.util.Map<java.lang.String, java.lang.Object>> org.springframework.boot.autoconfigure.web.servlet.error.BasicErrorController.error(javax.servlet.http.HttpServletRequest)
2018-11-23 09:57:42.376  INFO 17184 --- [main] s.w.s.m.m.a.RequestMappingHandlerMapping : Mapped "{[/error],produces=[text/html]}" onto public org.springframework.web.servlet.ModelAndView org.springframework.boot.autoconfigure.web.servlet.error.BasicErrorController.errorHtml(javax.servlet.http.HttpServletRequest,javax.servlet.http.HttpServletResponse)
2018-11-23 09:57:42.391  INFO 17184 --- [main] o.s.w.s.handler.SimpleUrlHandlerMapping  : Mapped URL path [/webjars/**] onto handler of type [class org.springframework.web.servlet.resource.ResourceHttpRequestHandler]
2018-11-23 09:57:42.391  INFO 17184 --- [main] o.s.w.s.handler.SimpleUrlHandlerMapping  : Mapped URL path [/**] onto handler of type [class org.springframework.web.servlet.resource.ResourceHttpRequestHandler]
2018-11-23 09:57:42.751  INFO 17184 --- [main] o.s.j.e.a.AnnotationMBeanExporter        : Registering beans for JMX exposure on startup
2018-11-23 09:57:42.751  INFO 17184 --- [main] o.s.j.e.a.AnnotationMBeanExporter        : Bean with name 'statFilter' has been autodetected for JMX exposure
2018-11-23 09:57:42.751  INFO 17184 --- [main] o.s.j.e.a.AnnotationMBeanExporter        : Bean with name 'dataSource' has been autodetected for JMX exposure
2018-11-23 09:57:42.751  INFO 17184 --- [main] o.s.j.e.a.AnnotationMBeanExporter        : Located MBean 'dataSource': registering with JMX server as MBean [com.alibaba.druid.spring.boot.autoconfigure:name=dataSource,type=DruidDataSourceWrapper]
2018-11-23 09:57:42.751  INFO 17184 --- [main] o.s.j.e.a.AnnotationMBeanExporter        : Located MBean 'statFilter': registering with JMX server as MBean [com.alibaba.druid.filter.stat:name=statFilter,type=StatFilter]
2018-11-23 09:57:42.797  INFO 17184 --- [main] o.s.b.w.embedded.tomcat.TomcatWebServer  : Tomcat started on port(s): 8080 (http) with context path ''
2018-11-23 09:57:42.813  INFO 17184 --- [main] com.runa.demo.DemoApplication            : Started DemoApplication in 4.016 seconds (JVM running for 4.74)
2018-11-23 09:57:47.634  INFO 17184 --- [http-nio-8080-exec-1] o.a.c.c.C.[Tomcat].[localhost].[/]       : Initializing Spring FrameworkServlet 'dispatcherServlet'
2018-11-23 09:57:47.634  INFO 17184 --- [http-nio-8080-exec-1] o.s.web.servlet.DispatcherServlet        : FrameworkServlet 'dispatcherServlet': initialization started
2018-11-23 09:57:47.650  INFO 17184 --- [http-nio-8080-exec-1] o.s.web.servlet.DispatcherServlet        : FrameworkServlet 'dispatcherServlet': initialization completed in 16 ms
